c:\users\jon\documents\visual studio 2015\projects\detect-mfc\detect-mfc\x64\debug\detect-mfc.pch
c:\users\jon\documents\visual studio 2015\projects\detect-mfc\detect-mfc\x64\debug\vc120.pdb
c:\users\jon\documents\visual studio 2015\projects\detect-mfc\detect-mfc\x64\debug\vc120.idb
c:\users\jon\documents\visual studio 2015\projects\detect-mfc\detect-mfc\x64\debug\stdafx.obj
c:\users\jon\documents\visual studio 2015\projects\detect-mfc\detect-mfc\x64\debug\cmdline.obj
c:\users\jon\documents\visual studio 2015\projects\detect-mfc\detect-mfc\x64\debug\common.obj
c:\users\jon\documents\visual studio 2015\projects\detect-mfc\detect-mfc\x64\debug\datation.obj
c:\users\jon\documents\visual studio 2015\projects\detect-mfc\detect-mfc\x64\debug\dtc.obj
c:\users\jon\documents\visual studio 2015\projects\detect-mfc\detect-mfc\x64\debug\filefmt.obj
c:\users\jon\documents\visual studio 2015\projects\detect-mfc\detect-mfc\x64\debug\fitsfile_dtc.obj
c:\users\jon\documents\visual studio 2015\projects\detect-mfc\detect-mfc\x64\debug\fitsfmt.obj
c:\users\jon\documents\visual studio 2015\projects\detect-mfc\detect-mfc\x64\debug\hget.obj
c:\users\jon\documents\visual studio 2015\projects\detect-mfc\detect-mfc\x64\debug\hput.obj
c:\users\jon\documents\visual studio 2015\projects\detect-mfc\detect-mfc\x64\debug\iget.obj
c:\users\jon\documents\visual studio 2015\projects\detect-mfc\detect-mfc\x64\debug\imio.obj
c:\users\jon\documents\visual studio 2015\projects\detect-mfc\detect-mfc\x64\debug\stub.obj
c:\users\jon\documents\visual studio 2015\projects\detect-mfc\detect-mfc\x64\debug\img.obj
c:\users\jon\documents\visual studio 2015\projects\detect-mfc\detect-mfc\x64\debug\max.obj
c:\users\jon\documents\visual studio 2015\projects\detect-mfc\detect-mfc\x64\debug\serfmt.obj
c:\users\jon\documents\visual studio 2015\projects\detect-mfc\detect-mfc\x64\debug\wrapper.obj
c:\users\jon\documents\visual studio 2015\projects\detect-mfc\detect-mfc\x64\debug\datation2.obj
c:\users\jon\documents\visual studio 2015\projects\detect-mfc\detect-mfc\x64\debug\detect-mfc.obj
c:\users\jon\documents\visual studio 2015\projects\detect-mfc\detect-mfc\x64\debug\detect-mfcdlg.obj
c:\users\jon\documents\visual studio 2015\projects\detect-mfc\detect-mfc\x64\debug\detectthread.obj
c:\users\jon\documents\visual studio 2015\projects\detect-mfc\detect-mfc\x64\debug\dtcas3.obj
c:\users\jon\documents\visual studio 2015\projects\detect-mfc\detect-mfc\x64\debug\filefmt2.obj
c:\users\jon\documents\visual studio 2015\projects\detect-mfc\detect-mfc\x64\debug\dtcgui.obj
c:\users\jon\documents\visual studio 2015\projects\detect-mfc\detect-mfc\x64\debug\img2.obj
c:\users\jon\documents\visual studio 2015\projects\detect-mfc\detect-mfc\x64\debug\ini.obj
c:\users\jon\documents\visual studio 2015\projects\detect-mfc\detect-mfc\x64\debug\sendemaildlg.obj
c:\users\jon\documents\visual studio 2015\projects\detect-mfc\detect-mfc\x64\debug\wrapper2.obj
c:\users\jon\documents\visual studio 2015\projects\detect-mfc\x64\debug\detect-mfc.exe
c:\users\jon\documents\visual studio 2015\projects\detect-mfc\detect-mfc\x64\debug\detect-mfc.res
c:\users\jon\documents\visual studio 2015\projects\detect-mfc\detect-mfc\x64\debug\detect-mfc.tlog\cl.command.1.tlog
c:\users\jon\documents\visual studio 2015\projects\detect-mfc\detect-mfc\x64\debug\detect-mfc.tlog\cl.read.1.tlog
c:\users\jon\documents\visual studio 2015\projects\detect-mfc\detect-mfc\x64\debug\detect-mfc.tlog\cl.write.1.tlog
c:\users\jon\documents\visual studio 2015\projects\detect-mfc\detect-mfc\x64\debug\detect-mfc.tlog\link.command.1.tlog
c:\users\jon\documents\visual studio 2015\projects\detect-mfc\detect-mfc\x64\debug\detect-mfc.tlog\link.read.1.tlog
c:\users\jon\documents\visual studio 2015\projects\detect-mfc\detect-mfc\x64\debug\detect-mfc.tlog\link.write.1.tlog
c:\users\jon\documents\visual studio 2015\projects\detect-mfc\detect-mfc\x64\debug\detect-mfc.tlog\rc.command.1.tlog
c:\users\jon\documents\visual studio 2015\projects\detect-mfc\detect-mfc\x64\debug\detect-mfc.tlog\rc.read.1.tlog
c:\users\jon\documents\visual studio 2015\projects\detect-mfc\detect-mfc\x64\debug\detect-mfc.tlog\rc.write.1.tlog
