g:\work\impact\detect-psws\detect-mfc\detect-mfc\x64\debug\hget.obj
g:\work\impact\detect-psws\detect-mfc\detect-mfc\x64\debug\dtc.obj
g:\work\impact\detect-psws\detect-mfc\detect-mfc\x64\debug\stub.obj
g:\work\impact\detect-psws\detect-mfc\detect-mfc\x64\debug\max.obj
g:\work\impact\detect-psws\detect-mfc\detect-mfc\x64\debug\imio.obj
g:\work\impact\detect-psws\detect-mfc\detect-mfc\x64\debug\hput.obj
g:\work\impact\detect-psws\detect-mfc\detect-mfc\x64\debug\common.obj
g:\work\impact\detect-psws\detect-mfc\detect-mfc\x64\debug\fitsfmt.obj
g:\work\impact\detect-psws\detect-mfc\detect-mfc\x64\debug\serfmt.obj
g:\work\impact\detect-psws\detect-mfc\detect-mfc\x64\debug\iget.obj
g:\work\impact\detect-psws\detect-mfc\detect-mfc\x64\debug\wrapper.obj
g:\work\impact\detect-psws\detect-mfc\detect-mfc\x64\debug\fitsfile_dtc.obj
g:\work\impact\detect-psws\detect-mfc\detect-mfc\x64\debug\datation.obj
g:\work\impact\detect-psws\detect-mfc\detect-mfc\x64\debug\filefmt.obj
g:\work\impact\detect-psws\detect-mfc\detect-mfc\x64\debug\detect-mfcdlg.obj
g:\work\impact\detect-psws\detect-mfc\detect-mfc\x64\debug\img2.obj
g:\work\impact\detect-psws\detect-mfc\detect-mfc\x64\debug\dtcgui.obj
g:\work\impact\detect-psws\detect-mfc\detect-mfc\x64\debug\sendemaildlg.obj
g:\work\impact\detect-psws\detect-mfc\detect-mfc\x64\debug\datation2.obj
g:\work\impact\detect-psws\detect-mfc\detect-mfc\x64\debug\filefmt2.obj
g:\work\impact\detect-psws\detect-mfc\detect-mfc\x64\debug\dtcas3.obj
g:\work\impact\detect-psws\detect-mfc\detect-mfc\x64\debug\detectthread.obj
g:\work\impact\detect-psws\detect-mfc\detect-mfc\x64\debug\ini.obj
g:\work\impact\detect-psws\detect-mfc\detect-mfc\x64\debug\detect-mfc.obj
g:\work\impact\detect-psws\detect-mfc\detect-mfc\x64\debug\wrapper2.obj
g:\work\impact\detect-psws\detect-mfc\detect-mfc\x64\debug\vc141.pdb
g:\work\impact\detect-psws\detect-mfc\detect-mfc\x64\debug\cmdline.obj
g:\work\impact\detect-psws\detect-mfc\detect-mfc\x64\debug\detect3.pch
g:\work\impact\detect-psws\detect-mfc\detect-mfc\x64\debug\vc141.idb
g:\work\impact\detect-psws\detect-mfc\detect-mfc\x64\debug\stdafx.obj
g:\work\impact\detect-psws\detect-mfc\x64\debug\detect3.exe
g:\work\impact\detect-psws\detect-mfc\x64\debug\detect3.ilk
g:\work\impact\detect-psws\detect-mfc\x64\debug\detect3.pdb
g:\work\impact\detect-psws\detect-mfc\detect-mfc\x64\debug\detect-mfc.res
g:\work\impact\detect-psws\detect-mfc\detect-mfc\x64\debug\detect-mfc.obj.enc
g:\work\impact\detect-psws\detect-mfc\detect-mfc\x64\debug\detect3.1.x64.pch
g:\work\impact\detect-psws\detect-mfc\detect-mfc\x64\debug\detect-mfc.tlog\cl.command.1.tlog
g:\work\impact\detect-psws\detect-mfc\detect-mfc\x64\debug\detect-mfc.tlog\cl.read.1.tlog
g:\work\impact\detect-psws\detect-mfc\detect-mfc\x64\debug\detect-mfc.tlog\cl.write.1.tlog
g:\work\impact\detect-psws\detect-mfc\detect-mfc\x64\debug\detect-mfc.tlog\link.command.1.tlog
g:\work\impact\detect-psws\detect-mfc\detect-mfc\x64\debug\detect-mfc.tlog\link.read.1.tlog
g:\work\impact\detect-psws\detect-mfc\detect-mfc\x64\debug\detect-mfc.tlog\link.write.1.tlog
g:\work\impact\detect-psws\detect-mfc\detect-mfc\x64\debug\detect-mfc.tlog\rc.command.1.tlog
g:\work\impact\detect-psws\detect-mfc\detect-mfc\x64\debug\detect-mfc.tlog\rc.read.1.tlog
g:\work\impact\detect-psws\detect-mfc\detect-mfc\x64\debug\detect-mfc.tlog\rc.write.1.tlog
