g:\work\impact\detect-psws\detect-mfc\detect-mfc\x64\release\detect.pch
g:\work\impact\detect-psws\detect-mfc\detect-mfc\x64\release\vc141.pdb
g:\work\impact\detect-psws\detect-mfc\detect-mfc\x64\release\stdafx.obj
g:\work\impact\detect-psws\detect-mfc\detect-mfc\x64\release\wndresizer.obj
g:\work\impact\detect-psws\detect-mfc\detect-mfc\x64\release\datation.obj
g:\work\impact\detect-psws\detect-mfc\detect-mfc\x64\release\common.obj
g:\work\impact\detect-psws\detect-mfc\detect-mfc\x64\release\detectthread.obj
g:\work\impact\detect-psws\detect-mfc\detect-mfc\x64\release\detect-mfcdlg.obj
g:\work\impact\detect-psws\detect-mfc\detect-mfc\x64\release\detect-mfc.obj
g:\work\impact\detect-psws\detect-mfc\detect-mfc\x64\release\datation2.obj
g:\work\impact\detect-psws\detect-mfc\detect-mfc\x64\release\dtc.obj
g:\work\impact\detect-psws\detect-mfc\detect-mfc\x64\release\dtcas3.obj
g:\work\impact\detect-psws\detect-mfc\detect-mfc\x64\release\filefmt.obj
g:\work\impact\detect-psws\detect-mfc\detect-mfc\x64\release\filefmt2.obj
g:\work\impact\detect-psws\detect-mfc\detect-mfc\x64\release\stub.obj
g:\work\impact\detect-psws\detect-mfc\detect-mfc\x64\release\imio.obj
g:\work\impact\detect-psws\detect-mfc\detect-mfc\x64\release\iget.obj
g:\work\impact\detect-psws\detect-mfc\detect-mfc\x64\release\hput.obj
g:\work\impact\detect-psws\detect-mfc\detect-mfc\x64\release\hget.obj
g:\work\impact\detect-psws\detect-mfc\detect-mfc\x64\release\fitsfmt.obj
g:\work\impact\detect-psws\detect-mfc\detect-mfc\x64\release\fitsfile_dtc.obj
g:\work\impact\detect-psws\detect-mfc\detect-mfc\x64\release\ini.obj
g:\work\impact\detect-psws\detect-mfc\detect-mfc\x64\release\img2.obj
g:\work\impact\detect-psws\detect-mfc\detect-mfc\x64\release\dtcgui.obj
g:\work\impact\detect-psws\detect-mfc\detect-mfc\x64\release\max.obj
g:\work\impact\detect-psws\detect-mfc\detect-mfc\x64\release\sendemaildlg.obj
g:\work\impact\detect-psws\detect-mfc\detect-mfc\x64\release\wrapper.obj
g:\work\impact\detect-psws\detect-mfc\detect-mfc\x64\release\serfmt.obj
g:\work\impact\detect-psws\detect-mfc\detect-mfc\x64\release\wrapper2.obj
g:\work\impact\detect-psws\detect-mfc\x64\release\detect.ipdb
g:\work\impact\detect-psws\detect-mfc\x64\release\detect.iobj
g:\work\impact\detect-psws\detect-mfc\x64\release\detect.exe
g:\work\impact\detect-psws\detect-mfc\x64\release\detect.pdb
g:\work\impact\detect-psws\detect-mfc\detect-mfc\x64\release\detect-mfc.res
g:\work\impact\detect-psws\detect-mfc\detect-mfc\x64\release\detect-mfc.tlog\cl.command.1.tlog
g:\work\impact\detect-psws\detect-mfc\detect-mfc\x64\release\detect-mfc.tlog\cl.read.1.tlog
g:\work\impact\detect-psws\detect-mfc\detect-mfc\x64\release\detect-mfc.tlog\cl.write.1.tlog
g:\work\impact\detect-psws\detect-mfc\detect-mfc\x64\release\detect-mfc.tlog\detect-mfc.write.1u.tlog
g:\work\impact\detect-psws\detect-mfc\detect-mfc\x64\release\detect-mfc.tlog\link.command.1.tlog
g:\work\impact\detect-psws\detect-mfc\detect-mfc\x64\release\detect-mfc.tlog\link.read.1.tlog
g:\work\impact\detect-psws\detect-mfc\detect-mfc\x64\release\detect-mfc.tlog\link.write.1.tlog
g:\work\impact\detect-psws\detect-mfc\detect-mfc\x64\release\detect-mfc.tlog\rc.command.1.tlog
g:\work\impact\detect-psws\detect-mfc\detect-mfc\x64\release\detect-mfc.tlog\rc.read.1.tlog
g:\work\impact\detect-psws\detect-mfc\detect-mfc\x64\release\detect-mfc.tlog\rc.write.1.tlog
