c:\users\jon\documents\visual studio 2015\projects\detect-mfc\detect-mfc\x64\release\vc120.pdb
c:\users\jon\documents\visual studio 2015\projects\detect-mfc\detect-mfc\x64\release\datation.obj
c:\users\jon\documents\visual studio 2015\projects\detect-mfc\detect-mfc\x64\release\common.obj
c:\users\jon\documents\visual studio 2015\projects\detect-mfc\detect-mfc\x64\release\cmdline.obj
c:\users\jon\documents\visual studio 2015\projects\detect-mfc\detect-mfc\x64\release\detectthread.obj
c:\users\jon\documents\visual studio 2015\projects\detect-mfc\detect-mfc\x64\release\detect-mfcdlg.obj
c:\users\jon\documents\visual studio 2015\projects\detect-mfc\detect-mfc\x64\release\detect-mfc.obj
c:\users\jon\documents\visual studio 2015\projects\detect-mfc\detect-mfc\x64\release\datation2.obj
c:\users\jon\documents\visual studio 2015\projects\detect-mfc\detect-mfc\x64\release\dtc.obj
c:\users\jon\documents\visual studio 2015\projects\detect-mfc\detect-mfc\x64\release\dtcas3.obj
c:\users\jon\documents\visual studio 2015\projects\detect-mfc\detect-mfc\x64\release\filefmt.obj
c:\users\jon\documents\visual studio 2015\projects\detect-mfc\detect-mfc\x64\release\filefmt2.obj
c:\users\jon\documents\visual studio 2015\projects\detect-mfc\detect-mfc\x64\release\stub.obj
c:\users\jon\documents\visual studio 2015\projects\detect-mfc\detect-mfc\x64\release\imio.obj
c:\users\jon\documents\visual studio 2015\projects\detect-mfc\detect-mfc\x64\release\iget.obj
c:\users\jon\documents\visual studio 2015\projects\detect-mfc\detect-mfc\x64\release\hput.obj
c:\users\jon\documents\visual studio 2015\projects\detect-mfc\detect-mfc\x64\release\hget.obj
c:\users\jon\documents\visual studio 2015\projects\detect-mfc\detect-mfc\x64\release\fitsfmt.obj
c:\users\jon\documents\visual studio 2015\projects\detect-mfc\detect-mfc\x64\release\fitsfile_dtc.obj
c:\users\jon\documents\visual studio 2015\projects\detect-mfc\detect-mfc\x64\release\dtcgui.obj
c:\users\jon\documents\visual studio 2015\projects\detect-mfc\detect-mfc\x64\release\img.obj
c:\users\jon\documents\visual studio 2015\projects\detect-mfc\detect-mfc\x64\release\ini.obj
c:\users\jon\documents\visual studio 2015\projects\detect-mfc\detect-mfc\x64\release\img2.obj
c:\users\jon\documents\visual studio 2015\projects\detect-mfc\detect-mfc\x64\release\max.obj
c:\users\jon\documents\visual studio 2015\projects\detect-mfc\detect-mfc\x64\release\sendemaildlg.obj
c:\users\jon\documents\visual studio 2015\projects\detect-mfc\detect-mfc\x64\release\wrapper.obj
c:\users\jon\documents\visual studio 2015\projects\detect-mfc\detect-mfc\x64\release\serfmt.obj
c:\users\jon\documents\visual studio 2015\projects\detect-mfc\detect-mfc\x64\release\wrapper2.obj
c:\users\jon\documents\visual studio 2015\projects\detect-mfc\detect-mfc\x64\release\detect-mfc.x64..pch
c:\users\jon\documents\visual studio 2015\projects\detect-mfc\detect-mfc\x64\release\stdafx.obj
c:\users\jon\documents\visual studio 2015\projects\detect-mfc\x64\release\detect-mfc.x64..exe
c:\users\jon\documents\visual studio 2015\projects\detect-mfc\detect-mfc\x64\release\detect-mfc.res
c:\users\jon\documents\visual studio 2015\projects\detect-mfc\detect-mfc\x64\release\detect-mfc-win64.pch
c:\users\jon\documents\visual studio 2015\projects\detect-mfc\detect-mfc\x64\release\detect-mfc.${platform}.pch
c:\users\jon\documents\visual studio 2015\projects\detect-mfc\detect-mfc\x64\release\detect-mfc.x64.${productversion).pch
c:\users\jon\documents\visual studio 2015\projects\detect-mfc\detect-mfc\x64\release\detect-mfc.tlog\cl.command.1.tlog
c:\users\jon\documents\visual studio 2015\projects\detect-mfc\detect-mfc\x64\release\detect-mfc.tlog\cl.read.1.tlog
c:\users\jon\documents\visual studio 2015\projects\detect-mfc\detect-mfc\x64\release\detect-mfc.tlog\cl.write.1.tlog
c:\users\jon\documents\visual studio 2015\projects\detect-mfc\detect-mfc\x64\release\detect-mfc.tlog\link.command.1.tlog
c:\users\jon\documents\visual studio 2015\projects\detect-mfc\detect-mfc\x64\release\detect-mfc.tlog\link.read.1.tlog
c:\users\jon\documents\visual studio 2015\projects\detect-mfc\detect-mfc\x64\release\detect-mfc.tlog\link.write.1.tlog
c:\users\jon\documents\visual studio 2015\projects\detect-mfc\detect-mfc\x64\release\detect-mfc.tlog\rc.command.1.tlog
c:\users\jon\documents\visual studio 2015\projects\detect-mfc\detect-mfc\x64\release\detect-mfc.tlog\rc.read.1.tlog
c:\users\jon\documents\visual studio 2015\projects\detect-mfc\detect-mfc\x64\release\detect-mfc.tlog\rc.write.1.tlog
