c:\users\jon\documents\visual studio 2015\projects\detect-mfc\detect-mfc\win32\release\detect3.1.win32.pch
c:\users\jon\documents\visual studio 2015\projects\detect-mfc\detect-mfc\win32\release\vc120.pdb
c:\users\jon\documents\visual studio 2015\projects\detect-mfc\detect-mfc\win32\release\stdafx.obj
c:\users\jon\documents\visual studio 2015\projects\detect-mfc\detect-mfc\win32\release\datation.obj
c:\users\jon\documents\visual studio 2015\projects\detect-mfc\detect-mfc\win32\release\common.obj
c:\users\jon\documents\visual studio 2015\projects\detect-mfc\detect-mfc\win32\release\cmdline.obj
c:\users\jon\documents\visual studio 2015\projects\detect-mfc\detect-mfc\win32\release\detectthread.obj
c:\users\jon\documents\visual studio 2015\projects\detect-mfc\detect-mfc\win32\release\detect-mfcdlg.obj
c:\users\jon\documents\visual studio 2015\projects\detect-mfc\detect-mfc\win32\release\detect-mfc.obj
c:\users\jon\documents\visual studio 2015\projects\detect-mfc\detect-mfc\win32\release\datation2.obj
c:\users\jon\documents\visual studio 2015\projects\detect-mfc\detect-mfc\win32\release\dtc.obj
c:\users\jon\documents\visual studio 2015\projects\detect-mfc\detect-mfc\win32\release\dtcas3.obj
c:\users\jon\documents\visual studio 2015\projects\detect-mfc\detect-mfc\win32\release\filefmt.obj
c:\users\jon\documents\visual studio 2015\projects\detect-mfc\detect-mfc\win32\release\filefmt2.obj
c:\users\jon\documents\visual studio 2015\projects\detect-mfc\detect-mfc\win32\release\stub.obj
c:\users\jon\documents\visual studio 2015\projects\detect-mfc\detect-mfc\win32\release\imio.obj
c:\users\jon\documents\visual studio 2015\projects\detect-mfc\detect-mfc\win32\release\iget.obj
c:\users\jon\documents\visual studio 2015\projects\detect-mfc\detect-mfc\win32\release\hput.obj
c:\users\jon\documents\visual studio 2015\projects\detect-mfc\detect-mfc\win32\release\hget.obj
c:\users\jon\documents\visual studio 2015\projects\detect-mfc\detect-mfc\win32\release\fitsfmt.obj
c:\users\jon\documents\visual studio 2015\projects\detect-mfc\detect-mfc\win32\release\fitsfile_dtc.obj
c:\users\jon\documents\visual studio 2015\projects\detect-mfc\detect-mfc\win32\release\dtcgui.obj
c:\users\jon\documents\visual studio 2015\projects\detect-mfc\detect-mfc\win32\release\img.obj
c:\users\jon\documents\visual studio 2015\projects\detect-mfc\detect-mfc\win32\release\ini.obj
c:\users\jon\documents\visual studio 2015\projects\detect-mfc\detect-mfc\win32\release\img2.obj
c:\users\jon\documents\visual studio 2015\projects\detect-mfc\detect-mfc\win32\release\max.obj
c:\users\jon\documents\visual studio 2015\projects\detect-mfc\detect-mfc\win32\release\sendemaildlg.obj
c:\users\jon\documents\visual studio 2015\projects\detect-mfc\detect-mfc\win32\release\wrapper.obj
c:\users\jon\documents\visual studio 2015\projects\detect-mfc\detect-mfc\win32\release\serfmt.obj
c:\users\jon\documents\visual studio 2015\projects\detect-mfc\detect-mfc\win32\release\wrapper2.obj
g:\work\impact\detect-psws\detect-mfc\detect-mfc\win32\release\detect3.1.win32.pch
g:\work\impact\detect-psws\detect-mfc\detect-mfc\win32\release\vc141.pdb
g:\work\impact\detect-psws\detect-mfc\detect-mfc\win32\release\stdafx.obj
g:\work\impact\detect-psws\detect-mfc\detect-mfc\win32\release\datation.obj
g:\work\impact\detect-psws\detect-mfc\detect-mfc\win32\release\common.obj
g:\work\impact\detect-psws\detect-mfc\detect-mfc\win32\release\cmdline.obj
g:\work\impact\detect-psws\detect-mfc\detect-mfc\win32\release\detectthread.obj
g:\work\impact\detect-psws\detect-mfc\detect-mfc\win32\release\detect-mfcdlg.obj
g:\work\impact\detect-psws\detect-mfc\detect-mfc\win32\release\detect-mfc.obj
g:\work\impact\detect-psws\detect-mfc\detect-mfc\win32\release\datation2.obj
g:\work\impact\detect-psws\detect-mfc\detect-mfc\win32\release\dtc.obj
g:\work\impact\detect-psws\detect-mfc\detect-mfc\win32\release\dtcas3.obj
g:\work\impact\detect-psws\detect-mfc\detect-mfc\win32\release\filefmt.obj
g:\work\impact\detect-psws\detect-mfc\detect-mfc\win32\release\filefmt2.obj
g:\work\impact\detect-psws\detect-mfc\detect-mfc\win32\release\stub.obj
g:\work\impact\detect-psws\detect-mfc\detect-mfc\win32\release\imio.obj
g:\work\impact\detect-psws\detect-mfc\detect-mfc\win32\release\iget.obj
g:\work\impact\detect-psws\detect-mfc\detect-mfc\win32\release\hput.obj
g:\work\impact\detect-psws\detect-mfc\detect-mfc\win32\release\hget.obj
g:\work\impact\detect-psws\detect-mfc\detect-mfc\win32\release\fitsfmt.obj
g:\work\impact\detect-psws\detect-mfc\detect-mfc\win32\release\fitsfile_dtc.obj
g:\work\impact\detect-psws\detect-mfc\detect-mfc\win32\release\dtcgui.obj
g:\work\impact\detect-psws\detect-mfc\detect-mfc\win32\release\img.obj
g:\work\impact\detect-psws\detect-mfc\detect-mfc\win32\release\ini.obj
g:\work\impact\detect-psws\detect-mfc\detect-mfc\win32\release\img2.obj
g:\work\impact\detect-psws\detect-mfc\detect-mfc\win32\release\max.obj
g:\work\impact\detect-psws\detect-mfc\detect-mfc\win32\release\sendemaildlg.obj
g:\work\impact\detect-psws\detect-mfc\detect-mfc\win32\release\wrapper.obj
g:\work\impact\detect-psws\detect-mfc\detect-mfc\win32\release\serfmt.obj
g:\work\impact\detect-psws\detect-mfc\detect-mfc\win32\release\wrapper2.obj
g:\work\impact\detect-psws\detect-mfc\win32\release\detect3.1.win32.ipdb
g:\work\impact\detect-psws\detect-mfc\win32\release\detect3.1.win32.iobj
c:\users\jon\documents\visual studio 2015\projects\detect-mfc\win32\release\detect3.1.win32.exe
g:\work\impact\detect-psws\detect-mfc\win32\release\detect3.1.win32.exe
g:\work\impact\detect-psws\detect-mfc\win32\release\detect3.1.win32.pdb
c:\users\jon\documents\visual studio 2015\projects\detect-mfc\detect-mfc\win32\release\detect-mfc.res
g:\work\impact\detect-psws\detect-mfc\detect-mfc\win32\release\detect-mfc.res
g:\work\impact\detect-psws\detect-mfc\detect-mfc\win32\release\vc120.pdb
g:\work\impact\detect-psws\detect-mfc\detect-mfc\win32\release\detect-mfc.tlog\cl.command.1.tlog
g:\work\impact\detect-psws\detect-mfc\detect-mfc\win32\release\detect-mfc.tlog\cl.read.1.tlog
g:\work\impact\detect-psws\detect-mfc\detect-mfc\win32\release\detect-mfc.tlog\cl.write.1.tlog
g:\work\impact\detect-psws\detect-mfc\detect-mfc\win32\release\detect-mfc.tlog\detect-mfc.write.1u.tlog
g:\work\impact\detect-psws\detect-mfc\detect-mfc\win32\release\detect-mfc.tlog\link.command.1.tlog
g:\work\impact\detect-psws\detect-mfc\detect-mfc\win32\release\detect-mfc.tlog\link.read.1.tlog
g:\work\impact\detect-psws\detect-mfc\detect-mfc\win32\release\detect-mfc.tlog\link.write.1.tlog
g:\work\impact\detect-psws\detect-mfc\detect-mfc\win32\release\detect-mfc.tlog\rc.command.1.tlog
g:\work\impact\detect-psws\detect-mfc\detect-mfc\win32\release\detect-mfc.tlog\rc.read.1.tlog
g:\work\impact\detect-psws\detect-mfc\detect-mfc\win32\release\detect-mfc.tlog\rc.write.1.tlog
