  wrapper2.cpp
c:\users\jon\documents\visual studio 2015\projects\detect-mfc\detect-mfc\wrapper2.cpp(140): warning C4018: '<=' : signed/unsigned mismatch
  img2.cpp
c:\users\jon\documents\visual studio 2015\projects\detect-mfc\detect-mfc\img2.cpp(205): warning C4244: 'argument' : conversion from 'float' to 'size_t', possible loss of data
c:\users\jon\documents\visual studio 2015\projects\detect-mfc\detect-mfc\img2.cpp(229): warning C4244: 'argument' : conversion from 'float' to 'size_t', possible loss of data
c:\users\jon\documents\visual studio 2015\projects\detect-mfc\detect-mfc\img2.cpp(253): warning C4244: 'argument' : conversion from 'float' to 'size_t', possible loss of data
c:\users\jon\documents\visual studio 2015\projects\detect-mfc\detect-mfc\img2.cpp(307): warning C4244: 'argument' : conversion from 'float' to 'size_t', possible loss of data
c:\users\jon\documents\visual studio 2015\projects\detect-mfc\detect-mfc\img2.cpp(326): warning C4244: 'argument' : conversion from 'float' to 'size_t', possible loss of data
c:\users\jon\documents\visual studio 2015\projects\detect-mfc\detect-mfc\img2.cpp(344): warning C4244: 'argument' : conversion from 'float' to 'size_t', possible loss of data
c:\users\jon\documents\visual studio 2015\projects\detect-mfc\detect-mfc\img2.cpp(358): warning C4244: '*=' : conversion from 'double' to 'int', possible loss of data
c:\users\jon\documents\visual studio 2015\projects\detect-mfc\detect-mfc\img2.cpp(361): warning C4244: '*=' : conversion from 'double' to 'int', possible loss of data
c:\users\jon\documents\visual studio 2015\projects\detect-mfc\detect-mfc\img2.cpp(443): warning C4244: 'initializing' : conversion from 'double' to 'int', possible loss of data
c:\users\jon\documents\visual studio 2015\projects\detect-mfc\detect-mfc\img2.cpp(459): warning C4244: 'argument' : conversion from 'float' to 'size_t', possible loss of data
c:\users\jon\documents\visual studio 2015\projects\detect-mfc\detect-mfc\img2.cpp(479): warning C4244: 'argument' : conversion from 'float' to 'size_t', possible loss of data
c:\users\jon\documents\visual studio 2015\projects\detect-mfc\detect-mfc\img2.cpp(496): warning C4244: 'argument' : conversion from 'float' to 'size_t', possible loss of data
c:\users\jon\documents\visual studio 2015\projects\detect-mfc\detect-mfc\img2.cpp(551): warning C4244: 'initializing' : conversion from 'double' to 'int', possible loss of data
c:\users\jon\documents\visual studio 2015\projects\detect-mfc\detect-mfc\img2.cpp(555): warning C4244: 'initializing' : conversion from 'double' to 'int', possible loss of data
c:\users\jon\documents\visual studio 2015\projects\detect-mfc\detect-mfc\img2.cpp(607): warning C4244: 'initializing' : conversion from 'double' to 'int', possible loss of data
c:\users\jon\documents\visual studio 2015\projects\detect-mfc\detect-mfc\img2.cpp(651): warning C4244: 'initializing' : conversion from 'double' to 'int', possible loss of data
c:\users\jon\documents\visual studio 2015\projects\detect-mfc\detect-mfc\img2.cpp(779): warning C4244: 'initializing' : conversion from 'double' to 'int', possible loss of data
c:\users\jon\documents\visual studio 2015\projects\detect-mfc\detect-mfc\img2.cpp(799): warning C4244: 'argument' : conversion from 'float' to 'size_t', possible loss of data
c:\users\jon\documents\visual studio 2015\projects\detect-mfc\detect-mfc\img2.cpp(819): warning C4244: 'argument' : conversion from 'float' to 'size_t', possible loss of data
c:\users\jon\documents\visual studio 2015\projects\detect-mfc\detect-mfc\img2.cpp(836): warning C4244: 'argument' : conversion from 'float' to 'size_t', possible loss of data
c:\users\jon\documents\visual studio 2015\projects\detect-mfc\detect-mfc\img2.cpp(919): warning C4244: '=' : conversion from 'double' to 'float', possible loss of data
c:\users\jon\documents\visual studio 2015\projects\detect-mfc\detect-mfc\img2.cpp(942): warning C4244: '=' : conversion from 'double' to 'float', possible loss of data
c:\users\jon\documents\visual studio 2015\projects\detect-mfc\detect-mfc\img2.cpp(1343): warning C4244: 'argument' : conversion from 'double' to 'float', possible loss of data
c:\users\jon\documents\visual studio 2015\projects\detect-mfc\detect-mfc\img2.cpp(1329): warning C4101: 'grayPtr' : unreferenced local variable
c:\users\jon\documents\visual studio 2015\projects\detect-mfc\detect-mfc\img2.cpp(1378): warning C4244: 'argument' : conversion from 'double' to 'float', possible loss of data
c:\users\jon\documents\visual studio 2015\projects\detect-mfc\detect-mfc\img2.cpp(1503): warning C4244: 'argument' : conversion from 'float' to 'int', possible loss of data
c:\users\jon\documents\visual studio 2015\projects\detect-mfc\detect-mfc\img2.cpp(1512): warning C4244: 'argument' : conversion from 'float' to 'int', possible loss of data
c:\users\jon\documents\visual studio 2015\projects\detect-mfc\detect-mfc\img2.cpp(1513): warning C4244: 'argument' : conversion from 'float' to 'int', possible loss of data
c:\users\jon\documents\visual studio 2015\projects\detect-mfc\detect-mfc\img2.cpp(1608): warning C4172: returning address of local variable or temporary
  dtcgui.cpp
  _WIN32_WINNT not defined. Defaulting to _WIN32_WINNT_MAXVER (see WinSDKVer.h)
c:\users\jon\documents\visual studio 2015\projects\detect-mfc\detect-mfc\dtcgui.cpp(291): warning C4244: 'initializing' : conversion from 'double' to 'int', possible loss of data
c:\users\jon\documents\visual studio 2015\projects\detect-mfc\detect-mfc\dtcgui.cpp(335): warning C4018: '<' : signed/unsigned mismatch
c:\users\jon\documents\visual studio 2015\projects\detect-mfc\detect-mfc\dtcgui.cpp(363): warning C4018: '<' : signed/unsigned mismatch
c:\users\jon\documents\visual studio 2015\projects\detect-mfc\detect-mfc\dtcgui.cpp(365): warning C4018: '>' : signed/unsigned mismatch
c:\users\jon\documents\visual studio 2015\projects\detect-mfc\detect-mfc\dtcgui.cpp(231): warning C4101: 'mini' : unreferenced local variable
c:\users\jon\documents\visual studio 2015\projects\detect-mfc\detect-mfc\dtcgui.cpp(232): warning C4101: 'hfin' : unreferenced local variable
c:\users\jon\documents\visual studio 2015\projects\detect-mfc\detect-mfc\dtcgui.cpp(232): warning C4101: 'mfin' : unreferenced local variable
c:\users\jon\documents\visual studio 2015\projects\detect-mfc\detect-mfc\dtcgui.cpp(231): warning C4101: 'hini' : unreferenced local variable
c:\users\jon\documents\visual studio 2015\projects\detect-mfc\detect-mfc\dtcgui.cpp(231): warning C4101: 'sini' : unreferenced local variable
c:\users\jon\documents\visual studio 2015\projects\detect-mfc\detect-mfc\dtcgui.cpp(232): warning C4101: 'sfin' : unreferenced local variable
c:\users\jon\documents\visual studio 2015\projects\detect-mfc\detect-mfc\dtcgui.cpp(275): warning C4101: 'item' : unreferenced local variable
c:\users\jon\documents\visual studio 2015\projects\detect-mfc\detect-mfc\dtcgui.cpp(628): warning C4018: '>' : signed/unsigned mismatch
c:\users\jon\documents\visual studio 2015\projects\detect-mfc\detect-mfc\dtcgui.cpp(511): warning C4101: 'mini' : unreferenced local variable
c:\users\jon\documents\visual studio 2015\projects\detect-mfc\detect-mfc\dtcgui.cpp(507): warning C4101: 'n' : unreferenced local variable
c:\users\jon\documents\visual studio 2015\projects\detect-mfc\detect-mfc\dtcgui.cpp(512): warning C4101: 'hfin' : unreferenced local variable
c:\users\jon\documents\visual studio 2015\projects\detect-mfc\detect-mfc\dtcgui.cpp(512): warning C4101: 'mfin' : unreferenced local variable
c:\users\jon\documents\visual studio 2015\projects\detect-mfc\detect-mfc\dtcgui.cpp(507): warning C4101: 'maxC' : unreferenced local variable
c:\users\jon\documents\visual studio 2015\projects\detect-mfc\detect-mfc\dtcgui.cpp(509): warning C4101: 'maxFrame' : unreferenced local variable
c:\users\jon\documents\visual studio 2015\projects\detect-mfc\detect-mfc\dtcgui.cpp(509): warning C4101: 'minFrame' : unreferenced local variable
c:\users\jon\documents\visual studio 2015\projects\detect-mfc\detect-mfc\dtcgui.cpp(511): warning C4101: 'hini' : unreferenced local variable
c:\users\jon\documents\visual studio 2015\projects\detect-mfc\detect-mfc\dtcgui.cpp(510): warning C4101: 'ivalFrame' : unreferenced local variable
c:\users\jon\documents\visual studio 2015\projects\detect-mfc\detect-mfc\dtcgui.cpp(511): warning C4101: 'sini' : unreferenced local variable
c:\users\jon\documents\visual studio 2015\projects\detect-mfc\detect-mfc\dtcgui.cpp(507): warning C4101: 'minC' : unreferenced local variable
c:\users\jon\documents\visual studio 2015\projects\detect-mfc\detect-mfc\dtcgui.cpp(512): warning C4101: 'sfin' : unreferenced local variable
c:\users\jon\documents\visual studio 2015\projects\detect-mfc\detect-mfc\dtcgui.cpp(515): warning C4101: 'frame_distance' : unreferenced local variable
c:\users\jon\documents\visual studio 2015\projects\detect-mfc\detect-mfc\dtcgui.cpp(690): warning C4244: 'initializing' : conversion from 'double' to 'int', possible loss of data
c:\users\jon\documents\visual studio 2015\projects\detect-mfc\detect-mfc\dtcgui.cpp(726): warning C4018: '<' : signed/unsigned mismatch
c:\users\jon\documents\visual studio 2015\projects\detect-mfc\detect-mfc\dtcgui.cpp(729): warning C4244: '=' : conversion from 'double' to 'int', possible loss of data
c:\users\jon\documents\visual studio 2015\projects\detect-mfc\detect-mfc\dtcgui.cpp(678): warning C4101: 'previous' : unreferenced local variable
c:\users\jon\documents\visual studio 2015\projects\detect-mfc\detect-mfc\dtcgui.cpp(679): warning C4101: 'impactList' : unreferenced local variable
c:\users\jon\documents\visual studio 2015\projects\detect-mfc\detect-mfc\dtcgui.cpp(684): warning C4101: 'tmp' : unreferenced local variable
c:\users\jon\documents\visual studio 2015\projects\detect-mfc\detect-mfc\dtcgui.cpp(685): warning C4101: 'tmpSrc' : unreferenced local variable
c:\users\jon\documents\visual studio 2015\projects\detect-mfc\detect-mfc\dtcgui.cpp(683): warning C4101: 'c' : unreferenced local variable
c:\users\jon\documents\visual studio 2015\projects\detect-mfc\detect-mfc\dtcgui.cpp(684): warning C4101: 'ord' : unreferenced local variable
c:\users\jon\documents\visual studio 2015\projects\detect-mfc\detect-mfc\dtcgui.cpp(1221): warning C4244: 'argument' : conversion from 'double' to 'float', possible loss of data
c:\users\jon\documents\visual studio 2015\projects\detect-mfc\detect-mfc\dtcgui.cpp(1460): warning C4018: '<=' : signed/unsigned mismatch
c:\users\jon\documents\visual studio 2015\projects\detect-mfc\detect-mfc\dtcgui.cpp(1480): warning C4244: 'argument' : conversion from 'double' to 'float', possible loss of data
c:\users\jon\documents\visual studio 2015\projects\detect-mfc\detect-mfc\dtcgui.cpp(1489): warning C4244: 'argument' : conversion from 'double' to 'const unsigned char', possible loss of data
c:\users\jon\documents\visual studio 2015\projects\detect-mfc\detect-mfc\dtcgui.cpp(1553): warning C4244: 'initializing' : conversion from 'const double' to 'int', possible loss of data
c:\users\jon\documents\visual studio 2015\projects\detect-mfc\detect-mfc\dtcgui.cpp(804): warning C4101: 'progress' : unreferenced local variable
c:\users\jon\documents\visual studio 2015\projects\detect-mfc\detect-mfc\dtcgui.cpp(765): warning C4101: 'buffer' : unreferenced local variable
c:\users\jon\documents\visual studio 2015\projects\detect-mfc\detect-mfc\dtcgui.cpp(904): warning C4101: 'orig_height' : unreferenced local variable
c:\users\jon\documents\visual studio 2015\projects\detect-mfc\detect-mfc\dtcgui.cpp(929): warning C4101: 'maxLum2' : unreferenced local variable
c:\users\jon\documents\visual studio 2015\projects\detect-mfc\detect-mfc\dtcgui.cpp(903): warning C4101: 'orig_width' : unreferenced local variable
c:\users\jon\documents\visual studio 2015\projects\detect-mfc\detect-mfc\dtcgui.cpp(930): warning C4101: 'minLummax' : unreferenced local variable
c:\users\jon\documents\visual studio 2015\projects\detect-mfc\detect-mfc\dtcgui.cpp(931): warning C4101: 'maxLummax' : unreferenced local variable
c:\users\jon\documents\visual studio 2015\projects\detect-mfc\detect-mfc\dtcgui.cpp(991): warning C4101: 'progressDialog' : unreferenced local variable
  Generating Code...
c:\users\jon\documents\visual studio 2015\projects\detect-mfc\detect-mfc\dtcgui.cpp(1973): warning C4715: 'detect' : not all control paths return a value
LINK : warning LNK4075: ignoring '/INCREMENTAL' due to '/OPT:ICF' specification
cmdline.obj : warning LNK4075: ignoring '/EDITANDCONTINUE' due to '/OPT:ICF' specification
  DeTeCt-MFC.vcxproj -> C:\Users\Jon\Documents\Visual Studio 2015\Projects\DeTeCt-MFC\Win32\Debug\DeTeCt3.1.Win32.exe
